{"/home/anonprogram/Downloads/TA-JS-advanced-dom-and-test-TJaaan/block-BJaajc/code/index.js": {"path":"/home/anonprogram/Downloads/TA-JS-advanced-dom-and-test-TJaaan/block-BJaajc/code/index.js","statementMap":{"0":{"start":{"line":2,"column":20},"end":{"line":2,"column":48}},"1":{"start":{"line":3,"column":4},"end":{"line":3,"column":20}},"2":{"start":{"line":8,"column":16},"end":{"line":8,"column":26}},"3":{"start":{"line":9,"column":4},"end":{"line":11,"column":5}},"4":{"start":{"line":9,"column":17},"end":{"line":9,"column":18}},"5":{"start":{"line":10,"column":6},"end":{"line":10,"column":40}},"6":{"start":{"line":15,"column":4},"end":{"line":15,"column":67}},"7":{"start":{"line":19,"column":4},"end":{"line":19,"column":63}},"8":{"start":{"line":22,"column":2},"end":{"line":27,"column":4}}},"fnMap":{"0":{"name":"getFullName","decl":{"start":{"line":1,"column":10},"end":{"line":1,"column":21}},"loc":{"start":{"line":1,"column":43},"end":{"line":4,"column":1}},"line":1},"1":{"name":"isPalindrome","decl":{"start":{"line":7,"column":11},"end":{"line":7,"column":23}},"loc":{"start":{"line":7,"column":29},"end":{"line":12,"column":3}},"line":7},"2":{"name":"getCircumference","decl":{"start":{"line":14,"column":11},"end":{"line":14,"column":27}},"loc":{"start":{"line":14,"column":36},"end":{"line":16,"column":3}},"line":14},"3":{"name":"getArea","decl":{"start":{"line":18,"column":11},"end":{"line":18,"column":18}},"loc":{"start":{"line":18,"column":27},"end":{"line":20,"column":3}},"line":18}},"branchMap":{},"s":{"0":3,"1":3,"2":1,"3":1,"4":1,"5":1,"6":1,"7":1,"8":1},"f":{"0":3,"1":1,"2":1,"3":1},"b":{},"_coverageSchema":"1a1c01bbd47fc00a2c39e90264f33305004495a9","hash":"0901e0fc5b93e2f2fd74d0fae3e7f4172d69da3c"}
}
